0 info it worked if it ends with ok
1 verbose cli [ '/home/misbah/.nvm/versions/node/v10.9.0/bin/node',
1 verbose cli   '/home/misbah/Desktop/Socail-Application-Dev-Connector-/node_modules/.bin/npm',
1 verbose cli   'run',
1 verbose cli   'client' ]
2 info using npm@3.10.10
3 info using node@v10.9.0
4 warn invalid config loglevel="notice"
5 verbose run-script [ 'preclient', 'client', 'postclient' ]
6 info lifecycle devconnector@1.0.0~preclient: devconnector@1.0.0
7 silly lifecycle devconnector@1.0.0~preclient: no script for preclient, continuing
8 info lifecycle devconnector@1.0.0~client: devconnector@1.0.0
9 verbose lifecycle devconnector@1.0.0~client: unsafe-perm in lifecycle true
10 verbose lifecycle devconnector@1.0.0~client: PATH: /home/misbah/Desktop/Socail-Application-Dev-Connector-/node_modules/npm/bin/node-gyp-bin:/home/misbah/Desktop/Socail-Application-Dev-Connector-/node_modules/.bin:/home/misbah/.nvm/versions/node/v10.9.0/lib/node_modules/npm/node_modules/npm-lifecycle/node-gyp-bin:/home/misbah/Desktop/Socail-Application-Dev-Connector-/node_modules/.bin:/home/misbah/.nvm/versions/node/v10.9.0/bin:/usr/local/sbin:/usr/local/bin:/usr/sbin:/usr/bin:/sbin:/bin:/usr/games:/usr/local/games:/snap/bin
11 verbose lifecycle devconnector@1.0.0~client: CWD: /home/misbah/Desktop/Socail-Application-Dev-Connector-
12 silly lifecycle devconnector@1.0.0~client: Args: [ '-c', 'npm start --prefix client' ]
13 silly lifecycle devconnector@1.0.0~client: Returned: code: 1  signal: null
14 info lifecycle devconnector@1.0.0~client: Failed to exec client script
15 verbose stack Error: devconnector@1.0.0 client: `npm start --prefix client`
15 verbose stack Exit status 1
15 verbose stack     at EventEmitter.<anonymous> (/home/misbah/Desktop/Socail-Application-Dev-Connector-/node_modules/npm/lib/utils/lifecycle.js:255:16)
15 verbose stack     at EventEmitter.emit (events.js:182:13)
15 verbose stack     at ChildProcess.<anonymous> (/home/misbah/Desktop/Socail-Application-Dev-Connector-/node_modules/npm/lib/utils/spawn.js:40:14)
15 verbose stack     at ChildProcess.emit (events.js:182:13)
15 verbose stack     at maybeClose (internal/child_process.js:961:16)
15 verbose stack     at Process.ChildProcess._handle.onexit (internal/child_process.js:250:5)
16 verbose pkgid devconnector@1.0.0
17 verbose cwd /home/misbah/Desktop/Socail-Application-Dev-Connector-
18 error Linux 5.0.0-25-generic
19 error argv "/home/misbah/.nvm/versions/node/v10.9.0/bin/node" "/home/misbah/Desktop/Socail-Application-Dev-Connector-/node_modules/.bin/npm" "run" "client"
20 error node v10.9.0
21 error npm  v3.10.10
22 error code ELIFECYCLE
23 error devconnector@1.0.0 client: `npm start --prefix client`
23 error Exit status 1
24 error Failed at the devconnector@1.0.0 client script 'npm start --prefix client'.
24 error Make sure you have the latest version of node.js and npm installed.
24 error If you do, this is most likely a problem with the devconnector package,
24 error not with npm itself.
24 error Tell the author that this fails on your system:
24 error     npm start --prefix client
24 error You can get information on how to open an issue for this project with:
24 error     npm bugs devconnector
24 error Or if that isn't available, you can get their info via:
24 error     npm owner ls devconnector
24 error There is likely additional logging output above.
25 verbose exit [ 1, true ]
